===== Interian REINFORCE | random_3sat/n100 =====
Start: Mon Apr 20 15:21:13 EDT 2026

== Training: random_3sat/n100 ==
15:21:15 | INFO  | Family: random_3sat/n100  |  train=1900  val=100
15:21:15 | INFO  | Loading 1900 train + 100 val formulas
15:21:18 | INFO  | ==> Warm-up phase (5 epochs)
15:58:04 | INFO  |   Warmup 1/5  mean_loss=0.7559
16:32:08 | INFO  |   Warmup 2/5  mean_loss=0.4553
17:08:31 | INFO  |   Warmup 3/5  mean_loss=0.3885
17:42:20 | INFO  |   Warmup 4/5  mean_loss=0.3669
18:16:35 | INFO  |   Warmup 5/5  mean_loss=0.3351
18:16:35 | INFO  | ==> REINFORCE phase (60 epochs)
18:18:41 | INFO  |   Pre-training val median: 3767 flips
18:18:41 | INFO  |   Saved warm-up model as initial best (val_median=3767)
18:51:11 | INFO  | Epoch 1/60  solved=1045/1900  mean_loss=0.0005  pw=0.2546
19:21:58 | INFO  | Epoch 2/60  solved=1113/1900  mean_loss=0.0005  pw=0.2555
19:51:18 | INFO  | Epoch 3/60  solved=1141/1900  mean_loss=0.0006  pw=0.2496
20:19:42 | INFO  | Epoch 4/60  solved=1205/1900  mean_loss=0.0006  pw=0.2352
20:46:58 | INFO  | Epoch 5/60  solved=1258/1900  mean_loss=0.0006  pw=0.2064
20:48:24 | INFO  |   Val median: 2564 flips
20:48:24 | INFO  |   Saved best model (val_median=2564)
21:13:35 | INFO  | Epoch 6/60  solved=1310/1900  mean_loss=0.0007  pw=0.1649
21:37:39 | INFO  | Epoch 7/60  solved=1391/1900  mean_loss=0.0006  pw=0.1224
22:00:32 | INFO  | Epoch 8/60  solved=1433/1900  mean_loss=0.0006  pw=0.0858
22:22:38 | INFO  | Epoch 9/60  solved=1477/1900  mean_loss=0.0006  pw=0.0587
22:42:31 | INFO  | Epoch 10/60  solved=1579/1900  mean_loss=0.0006  pw=0.0391
22:43:13 | INFO  |   Val median: 1224 flips
22:43:13 | INFO  |   Saved best model (val_median=1224)
23:01:45 | INFO  | Epoch 11/60  solved=1633/1900  mean_loss=0.0005  pw=0.0238
