===== Interian REINFORCE | kcoloring/n100 =====
Start: Mon Apr 20 15:21:14 EDT 2026

== Training: kcoloring/n100 ==
15:21:16 | INFO  | Family: kcoloring/n100  |  train=1900  val=100
15:21:16 | INFO  | Loading 1900 train + 100 val formulas
15:21:20 | INFO  | ==> Warm-up phase (5 epochs)
15:37:31 | INFO  |   Warmup 1/5  mean_loss=0.9831
15:53:08 | INFO  |   Warmup 2/5  mean_loss=0.8703
16:08:54 | INFO  |   Warmup 3/5  mean_loss=0.8308
16:25:24 | INFO  |   Warmup 4/5  mean_loss=0.7924
16:41:30 | INFO  |   Warmup 5/5  mean_loss=0.7631
16:41:30 | INFO  | ==> REINFORCE phase (60 epochs)
16:41:49 | INFO  |   Pre-training val median: 1464 flips
16:41:49 | INFO  |   Saved warm-up model as initial best (val_median=1464)
16:58:16 | INFO  | Epoch 1/60  solved=1769/1900  mean_loss=0.0015  pw=0.2240
17:12:36 | INFO  | Epoch 2/60  solved=1809/1900  mean_loss=0.0017  pw=0.1927
17:25:23 | INFO  | Epoch 3/60  solved=1831/1900  mean_loss=0.0018  pw=0.1604
17:36:55 | INFO  | Epoch 4/60  solved=1844/1900  mean_loss=0.0018  pw=0.1284
17:46:41 | INFO  | Epoch 5/60  solved=1868/1900  mean_loss=0.0018  pw=0.0973
17:46:49 | INFO  |   Val median: 474 flips
17:46:49 | INFO  |   Saved best model (val_median=474)
17:54:38 | INFO  | Epoch 6/60  solved=1883/1900  mean_loss=0.0017  pw=0.0688
18:01:15 | INFO  | Epoch 7/60  solved=1887/1900  mean_loss=0.0017  pw=0.0454
18:06:14 | INFO  | Epoch 8/60  solved=1896/1900  mean_loss=0.0016  pw=0.0280
18:09:57 | INFO  | Epoch 9/60  solved=1899/1900  mean_loss=0.0015  pw=0.0159
18:12:51 | INFO  | Epoch 10/60  solved=1900/1900  mean_loss=0.0013  pw=0.0086
18:12:54 | INFO  |   Val median: 198 flips
18:12:54 | INFO  |   Saved best model (val_median=198)
18:15:15 | INFO  | Epoch 11/60  solved=1900/1900  mean_loss=0.0012  pw=0.0046
18:17:15 | INFO  | Epoch 12/60  solved=1900/1900  mean_loss=0.0011  pw=0.0024
18:18:59 | INFO  | Epoch 13/60  solved=1899/1900  mean_loss=0.0010  pw=0.0013
18:20:29 | INFO  | Epoch 14/60  solved=1900/1900  mean_loss=0.0009  pw=0.0007
18:21:55 | INFO  | Epoch 15/60  solved=1900/1900  mean_loss=0.0009  pw=0.0004
18:21:56 | INFO  |   Val median: 124 flips
18:21:56 | INFO  |   Saved best model (val_median=124)
18:23:19 | INFO  | Epoch 16/60  solved=1900/1900  mean_loss=0.0008  pw=0.0002
18:24:36 | INFO  | Epoch 17/60  solved=1900/1900  mean_loss=0.0008  pw=0.0001
18:25:50 | INFO  | Epoch 18/60  solved=1900/1900  mean_loss=0.0008  pw=0.0001
18:26:59 | INFO  | Epoch 19/60  solved=1900/1900  mean_loss=0.0008  pw=0.0000
18:28:10 | INFO  | Epoch 20/60  solved=1900/1900  mean_loss=0.0007  pw=0.0000
18:28:11 | INFO  |   Val median: 96 flips
18:28:11 | INFO  |   Saved best model (val_median=96)
18:29:17 | INFO  | Epoch 21/60  solved=1900/1900  mean_loss=0.0007  pw=0.0000
18:30:26 | INFO  | Epoch 22/60  solved=1900/1900  mean_loss=0.0008  pw=0.0000
18:31:35 | INFO  | Epoch 23/60  solved=1900/1900  mean_loss=0.0007  pw=0.0000
18:32:43 | INFO  | Epoch 24/60  solved=1900/1900  mean_loss=0.0007  pw=0.0000
18:33:49 | INFO  | Epoch 25/60  solved=1900/1900  mean_loss=0.0008  pw=0.0000
18:33:51 | INFO  |   Val median: 106 flips
18:34:58 | INFO  | Epoch 26/60  solved=1900/1900  mean_loss=0.0007  pw=0.0000
18:36:05 | INFO  | Epoch 27/60  solved=1900/1900  mean_loss=0.0007  pw=0.0000
18:37:11 | INFO  | Epoch 28/60  solved=1900/1900  mean_loss=0.0007  pw=0.0000
18:38:17 | INFO  | Epoch 29/60  solved=1900/1900  mean_loss=0.0007  pw=0.0000
18:39:22 | INFO  | Epoch 30/60  solved=1900/1900  mean_loss=0.0007  pw=0.0000
18:39:23 | INFO  |   Val median: 98 flips
18:40:27 | INFO  | Epoch 31/60  solved=1900/1900  mean_loss=0.0007  pw=0.0000
18:41:37 | INFO  | Epoch 32/60  solved=1900/1900  mean_loss=0.0007  pw=0.0000
18:42:41 | INFO  | Epoch 33/60  solved=1900/1900  mean_loss=0.0008  pw=0.0000
18:43:43 | INFO  | Epoch 34/60  solved=1900/1900  mean_loss=0.0007  pw=0.0000
18:44:48 | INFO  | Epoch 35/60  solved=1900/1900  mean_loss=0.0007  pw=0.0000
18:44:49 | INFO  |   Val median: 102 flips
18:45:50 | INFO  | Epoch 36/60  solved=1900/1900  mean_loss=0.0007  pw=0.0000
18:46:52 | INFO  | Epoch 37/60  solved=1900/1900  mean_loss=0.0007  pw=0.0000
18:47:53 | INFO  | Epoch 38/60  solved=1900/1900  mean_loss=0.0007  pw=0.0000
18:48:55 | INFO  | Epoch 39/60  solved=1900/1900  mean_loss=0.0007  pw=0.0000
18:49:57 | INFO  | Epoch 40/60  solved=1900/1900  mean_loss=0.0007  pw=0.0000
18:49:58 | INFO  |   Val median: 90 flips
18:49:58 | INFO  |   Saved best model (val_median=90)
18:51:01 | INFO  | Epoch 41/60  solved=1900/1900  mean_loss=0.0007  pw=0.0000
18:52:09 | INFO  | Epoch 42/60  solved=1900/1900  mean_loss=0.0007  pw=0.0000
18:53:18 | INFO  | Epoch 43/60  solved=1899/1900  mean_loss=0.0007  pw=0.0000
18:54:24 | INFO  | Epoch 44/60  solved=1899/1900  mean_loss=0.0007  pw=0.0000
18:55:24 | INFO  | Epoch 45/60  solved=1900/1900  mean_loss=0.0007  pw=0.0000
18:55:25 | INFO  |   Val median: 94 flips
18:56:28 | INFO  | Epoch 46/60  solved=1900/1900  mean_loss=0.0007  pw=0.0000
18:57:29 | INFO  | Epoch 47/60  solved=1900/1900  mean_loss=0.0007  pw=0.0000
18:58:36 | INFO  | Epoch 48/60  solved=1900/1900  mean_loss=0.0007  pw=0.0000
18:59:40 | INFO  | Epoch 49/60  solved=1900/1900  mean_loss=0.0007  pw=0.0000
19:00:44 | INFO  | Epoch 50/60  solved=1900/1900  mean_loss=0.0007  pw=0.0000
19:00:45 | INFO  |   Val median: 89 flips
19:00:45 | INFO  |   Saved best model (val_median=89)
19:01:48 | INFO  | Epoch 51/60  solved=1900/1900  mean_loss=0.0007  pw=0.0000
19:02:51 | INFO  | Epoch 52/60  solved=1900/1900  mean_loss=0.0007  pw=0.0000
19:03:55 | INFO  | Epoch 53/60  solved=1900/1900  mean_loss=0.0007  pw=0.0000
19:04:59 | INFO  | Epoch 54/60  solved=1900/1900  mean_loss=0.0006  pw=0.0000
19:06:01 | INFO  | Epoch 55/60  solved=1900/1900  mean_loss=0.0007  pw=0.0000
19:06:02 | INFO  |   Val median: 89 flips
19:07:02 | INFO  | Epoch 56/60  solved=1900/1900  mean_loss=0.0007  pw=0.0000
19:08:05 | INFO  | Epoch 57/60  solved=1900/1900  mean_loss=0.0007  pw=0.0000
19:09:08 | INFO  | Epoch 58/60  solved=1900/1900  mean_loss=0.0007  pw=0.0000
19:10:09 | INFO  | Epoch 59/60  solved=1900/1900  mean_loss=0.0007  pw=0.0000
19:11:12 | INFO  | Epoch 60/60  solved=1900/1900  mean_loss=0.0007  pw=0.0000
19:11:14 | INFO  |   Val median: 100 flips
19:11:14 | INFO  | Restored best model (val_median=89)
19:11:14 | INFO  | Training complete.
19:11:14 | INFO  |   Learned noise prob p_w = 0.0000
19:11:14 | INFO  |   Scoring weights:  [[-22.62785530090332, -1.9689005613327026, -3.957765817642212, 0.9584739804267883, 0.562093198299408]]
19:11:14 | INFO  |   Bias:             -0.1240
  Training time: 13800s

-- Eval: kcoloring/n100 val --
Loading 100 instances from data/kcoloring/n100/val ...
  Running minbreak ...  median=111  solve=100.0%
  Running noveltyplus ...  median=134  solve=100.0%
  Running interian ...  median=90  solve=100.0%

=== kcoloring/n100 — val split ===

--------------------------------------------------------------
Policy          Median Flips  Solve Rate  Mean Flips    Solved
--------------------------------------------------------------
minbreak                 111      100.0%         169   100/100
noveltyplus              134      100.0%         203   100/100
interian                  90      100.0%         131   100/100
--------------------------------------------------------------
  budget: 10,000 flips per try · unsolved → counted as 10,000

Results saved to experiments/results/interian/kcoloring/n100_val.csv
  Eval time: 14s

===== Done. Total time: 13814s =====
End: Mon Apr 20 19:11:28 EDT 2026
