===== MinBreak | kcoloring =====
Start: Mon Apr 20 14:46:52 EDT 2026

-- kcoloring/n100 val --
Loading 100 instances from data/kcoloring/n100/val ...
  Running minbreak ...  median=111  solve=100.0%

=== kcoloring/n100 — val split ===

--------------------------------------------------------------
Policy          Median Flips  Solve Rate  Mean Flips    Solved
--------------------------------------------------------------
minbreak                 111      100.0%         169   100/100
--------------------------------------------------------------
  budget: 10,000 flips per try · unsolved → counted as 10,000

Results saved to experiments/results/minbreak/kcoloring/n100_val.csv
  Time: 13s

-- kcoloring/n100 test --
Loading 500 instances from data/kcoloring/n100/test ...
  Running minbreak ...  median=130  solve=98.6%

=== kcoloring/n100 — test split ===

--------------------------------------------------------------
Policy          Median Flips  Solve Rate  Mean Flips    Solved
--------------------------------------------------------------
minbreak                 130       98.6%         342   493/500
--------------------------------------------------------------
  budget: 10,000 flips per try · unsolved → counted as 10,000

Results saved to experiments/results/minbreak/kcoloring/n100_test.csv
  Time: 83s

-- kcoloring/n200 val --
Loading 100 instances from data/kcoloring/n200/val ...
  Running minbreak ...  median=3052  solve=56.0%

=== kcoloring/n200 — val split ===

--------------------------------------------------------------
Policy          Median Flips  Solve Rate  Mean Flips    Solved
--------------------------------------------------------------
minbreak                3052       56.0%       22640    56/100
--------------------------------------------------------------
  budget: 50,000 flips per try · unsolved → counted as 50,000

Results saved to experiments/results/minbreak/kcoloring/n200_val.csv
  Time: 585s

-- kcoloring/n200 test --
Loading 500 instances from data/kcoloring/n200/test ...
  Running minbreak ...  median=2579  solve=55.8%

=== kcoloring/n200 — test split ===

--------------------------------------------------------------
Policy          Median Flips  Solve Rate  Mean Flips    Solved
--------------------------------------------------------------
minbreak                2579       55.8%       22984   279/500
--------------------------------------------------------------
  budget: 50,000 flips per try · unsolved → counted as 50,000

Results saved to experiments/results/minbreak/kcoloring/n200_test.csv
  Time: 2917s

===== Done. Total time: 3598s =====
End: Mon Apr 20 15:46:50 EDT 2026
