===== NoveltyPlus (p=0.1) | random_3sat =====
Start: Mon Apr 20 14:49:14 EDT 2026

-- random_3sat/n100 val --
Loading 100 instances from data/random_3sat/n100/val ...
  Running noveltyplus ...  median=1810  solve=99.0%

=== random_3sat/n100 — val split ===

--------------------------------------------------------------
Policy          Median Flips  Solve Rate  Mean Flips    Solved
--------------------------------------------------------------
noveltyplus             1810       99.0%        2745    99/100
--------------------------------------------------------------
  budget: 10,000 flips per try · unsolved → counted as 10,000

Results saved to experiments/results/noveltyplus/random_3sat/n100_val.csv
  Time: 13s

-- random_3sat/n100 test --
Loading 500 instances from data/random_3sat/n100/test ...
  Running noveltyplus ...  median=1388  solve=98.4%

=== random_3sat/n100 — test split ===

--------------------------------------------------------------
Policy          Median Flips  Solve Rate  Mean Flips    Solved
--------------------------------------------------------------
noveltyplus             1388       98.4%        2603   492/500
--------------------------------------------------------------
  budget: 10,000 flips per try · unsolved → counted as 10,000

Results saved to experiments/results/noveltyplus/random_3sat/n100_test.csv
  Time: 71s

-- random_3sat/n200 val --
Loading 100 instances from data/random_3sat/n200/val ...
  Running noveltyplus ...  median=11194  solve=91.0%

=== random_3sat/n200 — val split ===

--------------------------------------------------------------
Policy          Median Flips  Solve Rate  Mean Flips    Solved
--------------------------------------------------------------
noveltyplus            11194       91.0%       17593    91/100
--------------------------------------------------------------
  budget: 50,000 flips per try · unsolved → counted as 50,000

Results saved to experiments/results/noveltyplus/random_3sat/n200_val.csv
  Time: 120s

-- random_3sat/n200 test --
Loading 500 instances from data/random_3sat/n200/test ...
  Running noveltyplus ...  median=8978  solve=94.6%

=== random_3sat/n200 — test split ===

--------------------------------------------------------------
Policy          Median Flips  Solve Rate  Mean Flips    Solved
--------------------------------------------------------------
noveltyplus             8978       94.6%       15690   473/500
--------------------------------------------------------------
  budget: 50,000 flips per try · unsolved → counted as 50,000

Results saved to experiments/results/noveltyplus/random_3sat/n200_test.csv
  Time: 616s

===== Done. Total time: 820s =====
End: Mon Apr 20 15:02:54 EDT 2026
