===== NoveltyPlus (p=0.1) | kcoloring =====
Start: Mon Apr 20 14:49:14 EDT 2026

-- kcoloring/n100 val --
Loading 100 instances from data/kcoloring/n100/val ...
  Running noveltyplus ...  median=121  solve=100.0%

=== kcoloring/n100 — val split ===

--------------------------------------------------------------
Policy          Median Flips  Solve Rate  Mean Flips    Solved
--------------------------------------------------------------
noveltyplus              121      100.0%         235   100/100
--------------------------------------------------------------
  budget: 10,000 flips per try · unsolved → counted as 10,000

Results saved to experiments/results/noveltyplus/kcoloring/n100_val.csv
  Time: 3s

-- kcoloring/n100 test --
Loading 500 instances from data/kcoloring/n100/test ...
  Running noveltyplus ...  median=122  solve=100.0%

=== kcoloring/n100 — test split ===

--------------------------------------------------------------
Policy          Median Flips  Solve Rate  Mean Flips    Solved
--------------------------------------------------------------
noveltyplus              122      100.0%         211   500/500
--------------------------------------------------------------
  budget: 10,000 flips per try · unsolved → counted as 10,000

Results saved to experiments/results/noveltyplus/kcoloring/n100_test.csv
  Time: 5s

-- kcoloring/n200 val --
Loading 100 instances from data/kcoloring/n200/val ...
  Running noveltyplus ...  median=1901  solve=100.0%

=== kcoloring/n200 — val split ===

--------------------------------------------------------------
Policy          Median Flips  Solve Rate  Mean Flips    Solved
--------------------------------------------------------------
noveltyplus             1901      100.0%        3406   100/100
--------------------------------------------------------------
  budget: 50,000 flips per try · unsolved → counted as 50,000

Results saved to experiments/results/noveltyplus/kcoloring/n200_val.csv
  Time: 9s

-- kcoloring/n200 test --
Loading 500 instances from data/kcoloring/n200/test ...
  Running noveltyplus ...  median=1413  solve=100.0%

=== kcoloring/n200 — test split ===

--------------------------------------------------------------
Policy          Median Flips  Solve Rate  Mean Flips    Solved
--------------------------------------------------------------
noveltyplus             1413      100.0%        3252   500/500
--------------------------------------------------------------
  budget: 50,000 flips per try · unsolved → counted as 50,000

Results saved to experiments/results/noveltyplus/kcoloring/n200_test.csv
  Time: 37s

===== Done. Total time: 54s =====
End: Mon Apr 20 14:50:08 EDT 2026
